-------------------
Date: December 11, 2020, 5:18 am
Lumise log for order ID# 2020-12-11 05:18:01 - cart_data session is empty or no items-------------------
Date: December 11, 2020, 5:47 am
Lumise log for order ID# 2020-12-11 05:47:21 - cart_data session is empty or no items-------------------
Date: December 11, 2020, 7:52 am
Lumise log for order ID# 2020-12-11 07:52:20 - cart_data session is empty or no items-------------------
Date: December 11, 2020, 7:56 am
Lumise log for order ID# 2020-12-11 07:56:24 - cart_data session is empty or no items-------------------
Date: December 11, 2020, 9:01 am
Lumise log for order ID# 2020-12-11 09:01:45 - cart_data session is empty or no items-------------------
Date: December 11, 2020, 10:09 am
Lumise log for order ID# 2020-12-11 10:09:02 - cart_data session is empty or no items-------------------
Date: December 13, 2020, 1:53 pm
Lumise log for order ID# 2020-12-13 13:53:51 - cart_data session is empty or no items-------------------
Date: December 13, 2020, 2:01 pm
Lumise log for order ID# 2020-12-13 14:01:01 - cart_data session is empty or no items-------------------
Date: December 13, 2020, 2:45 pm
Lumise log for order ID# 2020-12-13 14:45:33 - cart_data session is empty or no items-------------------
Date: December 13, 2020, 3:22 pm
Lumise log for order ID# 2020-12-13 15:22:52 - cart_data session is empty or no items-------------------
Date: December 13, 2020, 3:24 pm
Lumise log for order ID# 2020-12-13 15:24:23 - cart_data session is empty or no items-------------------
Date: December 14, 2020, 2:43 am
Lumise log for order ID# 2020-12-14 02:43:21 - cart_data session is empty or no items-------------------
Date: December 14, 2020, 3:03 am
Lumise log for order ID# 2020-12-14 03:03:13 - cart_data session is empty or no items-------------------
Date: December 14, 2020, 3:09 am
Lumise log for order ID# 2020-12-14 03:09:43 - cart_data session is empty or no items-------------------
Date: December 14, 2020, 3:10 am
Lumise log for order ID# 2020-12-14 03:10:58 - cart_data session is empty or no items-------------------
Date: December 14, 2020, 3:12 am
Lumise log for order ID# 2020-12-14 03:12:06 - cart_data session is empty or no items-------------------
Date: December 14, 2020, 3:14 am
Lumise log for order ID# 2020-12-14 03:14:31 - cart_data session is empty or no items-------------------
Date: December 14, 2020, 3:15 am
Lumise log for order ID# 2020-12-14 03:15:57 - cart_data session is empty or no items-------------------
Date: December 14, 2020, 3:18 am
Lumise log for order ID# 2020-12-14 03:18:04 - cart_data session is empty or no items-------------------
Date: December 14, 2020, 3:19 am
Lumise log for order ID# 2020-12-14 03:19:29 - cart_data session is empty or no items-------------------
Date: December 14, 2020, 3:24 am
Lumise log for order ID# 2020-12-14 03:24:25 - cart_data session is empty or no items-------------------
Date: December 14, 2020, 3:55 am
Lumise log for order ID# 2020-12-14 03:55:15 - cart_data session is empty or no items-------------------
Date: December 14, 2020, 3:57 am
Lumise log for order ID# 2020-12-14 03:57:00 - cart_data session is empty or no items-------------------
Date: December 14, 2020, 5:17 am
Lumise log for order ID# 2020-12-14 05:17:07 - cart_data session is empty or no items-------------------
Date: December 14, 2020, 5:19 am
Lumise log for order ID# 2020-12-14 05:19:58 - cart_data session is empty or no items-------------------
Date: December 14, 2020, 5:23 am
Lumise log for order ID# 2020-12-14 05:23:14 - cart_data session is empty or no items-------------------
Date: December 14, 2020, 5:25 am
Lumise log for order ID# 2020-12-14 05:25:22 - cart_data session is empty or no items-------------------
Date: December 14, 2020, 6:17 am
Lumise log for order ID# 2020-12-14 06:17:48 - cart_data session is empty or no items-------------------
Date: December 14, 2020, 6:21 am
Lumise log for order ID# 2020-12-14 06:21:40 - cart_data session is empty or no items-------------------
Date: December 14, 2020, 6:22 am
Lumise log for order ID# 2020-12-14 06:22:38 - cart_data session is empty or no items-------------------
Date: December 14, 2020, 6:23 am
Lumise log for order ID# 2020-12-14 06:23:41 - cart_data session is empty or no items-------------------
Date: December 14, 2020, 6:29 am
Lumise log for order ID# 2020-12-14 06:29:21 - cart_data session is empty or no items-------------------
Date: December 14, 2020, 6:31 am
Lumise log for order ID# 2020-12-14 06:31:15 - cart_data session is empty or no items-------------------
Date: December 14, 2020, 6:32 am
Lumise log for order ID# 2020-12-14 06:32:41 - cart_data session is empty or no items-------------------
Date: December 14, 2020, 6:37 am
Lumise log for order ID# 2020-12-14 06:37:37 - cart_data session is empty or no items-------------------
Date: December 14, 2020, 6:39 am
Lumise log for order ID# 2020-12-14 06:39:22 - cart_data session is empty or no items-------------------
Date: December 14, 2020, 7:48 am
Lumise log for order ID# 2020-12-14 07:48:22 - cart_data session is empty or no items-------------------
Date: December 14, 2020, 7:50 am
Lumise log for order ID# 2020-12-14 07:50:03 - cart_data session is empty or no items-------------------
Date: December 29, 2020, 10:13 am
Lumise log for order ID# 2020-12-29 10:13:58 - cart_data session is empty or no items-------------------
Date: December 30, 2020, 7:46 am
Lumise log for order ID# 2020-12-30 07:46:06 - cart_data session is empty or no items-------------------
Date: December 31, 2020, 4:20 am
Lumise log for order ID# 2020-12-31 04:20:01 - cart_data session is empty or no items-------------------
Date: December 31, 2020, 4:22 am
Lumise log for order ID# 2020-12-31 04:22:22 - cart_data session is empty or no items-------------------
Date: December 31, 2020, 7:24 am
Lumise log for order ID# 2020-12-31 07:24:54 - cart_data session is empty or no items-------------------
Date: December 31, 2020, 7:25 am
Lumise log for order ID# 2020-12-31 07:25:26 - cart_data session is empty or no items-------------------
Date: January 6, 2021, 12:14 pm
Lumise log for order ID# 2021-01-06 12:14:42 - cart_data session is empty or no items-------------------
Date: January 6, 2021, 12:42 pm
Lumise log for order ID# 2021-01-06 12:42:09 - cart_data session is empty or no items-------------------
Date: January 6, 2021, 12:59 pm
Lumise log for order ID# 2021-01-06 12:59:20 - cart_data session is empty or no items-------------------
Date: January 12, 2021, 8:43 am
Lumise log for order ID# 2021-01-12 08:43:49 - cart_data session is empty or no items-------------------
Date: January 15, 2021, 7:12 am
Lumise log for order ID# 2021-01-15 07:12:05 - cart_data session is empty or no items-------------------
Date: January 15, 2021, 2:09 pm
Lumise log for order ID# 2021-01-15 14:09:09 - cart_data session is empty or no items-------------------
Date: January 15, 2021, 3:20 pm
Lumise log for order ID# 2021-01-15 15:20:44 - cart_data session is empty or no items-------------------
Date: January 16, 2021, 4:01 am
Lumise log for order ID# 2021-01-16 04:01:23 - cart_data session is empty or no items-------------------
Date: January 16, 2021, 4:07 am
Lumise log for order ID# 2021-01-16 04:07:23 - cart_data session is empty or no items-------------------
Date: January 16, 2021, 4:10 am
Lumise log for order ID# 2021-01-16 04:10:19 - cart_data session is empty or no items-------------------
Date: January 16, 2021, 4:32 am
Lumise log for order ID# 2021-01-16 04:32:00 - cart_data session is empty or no items-------------------
Date: January 16, 2021, 4:33 am
Lumise log for order ID# 2021-01-16 04:33:01 - cart_data session is empty or no items-------------------
Date: January 16, 2021, 4:35 am
Lumise log for order ID# 2021-01-16 04:35:01 - cart_data session is empty or no items-------------------
Date: January 16, 2021, 4:35 am
Lumise log for order ID# 2021-01-16 04:35:28 - cart_data session is empty or no items-------------------
Date: January 16, 2021, 4:38 am
Lumise log for order ID# 2021-01-16 04:38:09 - cart_data session is empty or no items-------------------
Date: January 16, 2021, 7:15 am
Lumise log for order ID# 2021-01-16 07:15:37 - cart_data session is empty or no items-------------------
Date: January 18, 2021, 5:44 am
Lumise log for order ID# 2021-01-18 05:44:28 - cart_data session is empty or no items-------------------
Date: January 18, 2021, 5:53 am
Lumise log for order ID# 2021-01-18 05:53:56 - cart_data session is empty or no items-------------------
Date: January 18, 2021, 5:54 am
Lumise log for order ID# 2021-01-18 05:54:48 - cart_data session is empty or no items-------------------
Date: January 18, 2021, 5:55 am
Lumise log for order ID#10 2021-01-18 05:55:46 - cart_data session is empty or no items-------------------
Date: January 18, 2021, 5:59 am
Lumise log for order ID#13 2021-01-18 05:59:16 - cart_data session is empty or no items-------------------
Date: January 18, 2021, 6:02 am
Lumise log for order ID#16 2021-01-18 06:02:53 - cart_data session is empty or no items-------------------
Date: January 18, 2021, 6:09 am
Lumise log for order ID# 2021-01-18 06:09:44 - cart_data session is empty or no items-------------------
Date: January 18, 2021, 6:10 am
Lumise log for order ID#18 2021-01-18 06:10:22 - cart_data session is empty or no items-------------------
Date: January 18, 2021, 6:11 am
Lumise log for order ID#19 2021-01-18 06:11:33 - cart_data session is empty or no items-------------------
Date: January 18, 2021, 6:12 am
Lumise log for order ID#20 2021-01-18 06:12:55 - cart_data session is empty or no items-------------------
Date: January 18, 2021, 6:15 am
Lumise log for order ID#22 2021-01-18 06:15:20 - cart_data session is empty or no items-------------------
Date: January 18, 2021, 6:24 am
Lumise log for order ID#24 2021-01-18 06:24:54 - cart_data session is empty or no items-------------------
Date: January 18, 2021, 6:29 am
Lumise log for order ID#27 2021-01-18 06:29:26 - cart_data session is empty or no items-------------------
Date: January 18, 2021, 6:35 am
Lumise log for order ID#31 2021-01-18 06:35:33 - cart_data session is empty or no items-------------------
Date: January 18, 2021, 6:39 am
Lumise log for order ID#35 2021-01-18 06:39:52 - cart_data session is empty or no items-------------------
Date: January 18, 2021, 6:40 am
Lumise log for order ID#36 2021-01-18 06:40:13 - cart_data session is empty or no items-------------------
Date: January 18, 2021, 6:42 am
Lumise log for order ID#37 2021-01-18 06:42:21 - cart_data session is empty or no items-------------------
Date: January 18, 2021, 6:43 am
Lumise log for order ID#38 2021-01-18 06:43:35 - cart_data session is empty or no items-------------------
Date: January 18, 2021, 6:58 am
Lumise log for order ID#45 2021-01-18 06:58:55 - cart_data session is empty or no items-------------------
Date: January 18, 2021, 7:00 am
Lumise log for order ID#46 2021-01-18 07:00:05 - cart_data session is empty or no items-------------------
Date: January 18, 2021, 7:00 am
Lumise log for order ID#47 2021-01-18 07:00:23 - cart_data session is empty or no items-------------------
Date: January 18, 2021, 7:26 am
Lumise log for order ID#62 2021-01-18 07:26:25 - cart_data session is empty or no items-------------------
Date: January 18, 2021, 7:34 am
Lumise log for order ID#66 2021-01-18 07:34:28 - cart_data session is empty or no items-------------------
Date: January 18, 2021, 7:35 am
Lumise log for order ID#68 2021-01-18 07:35:06 - cart_data session is empty or no items-------------------
Date: January 18, 2021, 8:02 am
Lumise log for order ID#82 2021-01-18 08:02:15 - cart_data session is empty or no items-------------------
Date: January 18, 2021, 8:04 am
Lumise log for order ID#83 2021-01-18 08:04:04 - cart_data session is empty or no items-------------------
Date: January 20, 2021, 4:21 am
Lumise log for order ID#89 2021-01-20 04:21:00 - cart_data session is empty or no items-------------------
Date: January 20, 2021, 4:23 am
Lumise log for order ID#91 2021-01-20 04:23:24 - cart_data session is empty or no items-------------------
Date: January 20, 2021, 4:31 am
Lumise log for order ID#94 2021-01-20 04:31:36 - cart_data session is empty or no items-------------------
Date: January 20, 2021, 4:32 am
Lumise log for order ID#95 2021-01-20 04:32:33 - cart_data session is empty or no items-------------------
Date: January 20, 2021, 4:43 am
Lumise log for order ID#97 2021-01-20 04:43:57 - cart_data session is empty or no items-------------------
Date: January 20, 2021, 4:51 am
Lumise log for order ID#98 2021-01-20 04:51:14 - cart_data session is empty or no items-------------------
Date: January 20, 2021, 4:57 am
Lumise log for order ID#100 2021-01-20 04:57:32 - cart_data session is empty or no items-------------------
Date: January 20, 2021, 4:57 am
Lumise log for order ID#101 2021-01-20 04:57:50 - cart_data session is empty or no items-------------------
Date: January 20, 2021, 4:59 am
Lumise log for order ID#103 2021-01-20 04:59:04 - cart_data session is empty or no items-------------------
Date: January 20, 2021, 5:23 am
Lumise log for order ID#108 2021-01-20 05:23:31 - cart_data session is empty or no items-------------------
Date: January 20, 2021, 5:26 am
Lumise log for order ID#110 2021-01-20 05:26:04 - cart_data session is empty or no items-------------------
Date: January 20, 2021, 5:26 am
Lumise log for order ID#112 2021-01-20 05:26:55 - cart_data session is empty or no items-------------------
Date: January 20, 2021, 5:27 am
Lumise log for order ID#113 2021-01-20 05:27:26 - cart_data session is empty or no items-------------------
Date: January 20, 2021, 5:29 am
Lumise log for order ID#115 2021-01-20 05:29:23 - cart_data session is empty or no items-------------------
Date: January 20, 2021, 5:48 am
Lumise log for order ID#122 2021-01-20 05:48:36 - cart_data session is empty or no items-------------------
Date: January 20, 2021, 5:49 am
Lumise log for order ID#123 2021-01-20 05:49:02 - cart_data session is empty or no items-------------------
Date: January 20, 2021, 5:50 am
Lumise log for order ID#125 2021-01-20 05:50:14 - cart_data session is empty or no items-------------------
Date: January 20, 2021, 5:50 am
Lumise log for order ID#127 2021-01-20 05:50:58 - cart_data session is empty or no items-------------------
Date: January 20, 2021, 5:51 am
Lumise log for order ID#129 2021-01-20 05:51:23 - cart_data session is empty or no items-------------------
Date: January 20, 2021, 5:52 am
Lumise log for order ID#131 2021-01-20 05:52:57 - cart_data session is empty or no items-------------------
Date: January 20, 2021, 5:55 am
Lumise log for order ID#132 2021-01-20 05:55:30 - cart_data session is empty or no items-------------------
Date: January 20, 2021, 6:06 am
Lumise log for order ID#134 2021-01-20 06:06:08 - cart_data session is empty or no items-------------------
Date: January 20, 2021, 6:13 am
Lumise log for order ID#135 2021-01-20 06:13:15 - cart_data session is empty or no items-------------------
Date: January 20, 2021, 6:21 am
Lumise log for order ID#136 2021-01-20 06:21:54 - cart_data session is empty or no items-------------------
Date: January 20, 2021, 6:57 am
Lumise log for order ID#142 2021-01-20 06:57:14 - cart_data session is empty or no items-------------------
Date: January 20, 2021, 6:58 am
Lumise log for order ID#143 2021-01-20 06:58:01 - cart_data session is empty or no items-------------------
Date: January 20, 2021, 6:58 am
Lumise log for order ID#145 2021-01-20 06:58:40 - cart_data session is empty or no items-------------------
Date: January 20, 2021, 7:00 am
Lumise log for order ID#147 2021-01-20 07:00:19 - cart_data session is empty or no items-------------------
Date: January 20, 2021, 7:02 am
Lumise log for order ID#149 2021-01-20 07:02:44 - cart_data session is empty or no items-------------------
Date: January 20, 2021, 7:07 am
Lumise log for order ID#151 2021-01-20 07:07:08 - cart_data session is empty or no items-------------------
Date: January 20, 2021, 7:08 am
Lumise log for order ID#153 2021-01-20 07:08:23 - cart_data session is empty or no items-------------------
Date: January 20, 2021, 7:08 am
Lumise log for order ID#155 2021-01-20 07:08:51 - cart_data session is empty or no items-------------------
Date: January 20, 2021, 7:12 am
Lumise log for order ID#157 2021-01-20 07:12:08 - cart_data session is empty or no items-------------------
Date: January 20, 2021, 7:15 am
Lumise log for order ID#159 2021-01-20 07:15:24 - cart_data session is empty or no items-------------------
Date: January 20, 2021, 7:16 am
Lumise log for order ID#161 2021-01-20 07:16:33 - cart_data session is empty or no items-------------------
Date: January 20, 2021, 7:27 am
Lumise log for order ID#163 2021-01-20 07:27:49 - cart_data session is empty or no items-------------------
Date: January 20, 2021, 7:28 am
Lumise log for order ID#165 2021-01-20 07:28:35 - cart_data session is empty or no items-------------------
Date: January 20, 2021, 7:35 am
Lumise log for order ID#168 2021-01-20 07:35:30 - cart_data session is empty or no items-------------------
Date: January 20, 2021, 7:41 am
Lumise log for order ID#170 2021-01-20 07:41:03 - cart_data session is empty or no items-------------------
Date: January 20, 2021, 7:45 am
Lumise log for order ID#173 2021-01-20 07:45:06 - cart_data session is empty or no items-------------------
Date: January 20, 2021, 8:03 am
Lumise log for order ID#175 2021-01-20 08:03:09 - cart_data session is empty or no items-------------------
Date: February 3, 2021, 8:06 am
Lumise log for order ID#226 2021-02-03 08:06:16 - cart_data session is empty or no items-------------------
Date: February 4, 2021, 10:00 am
Lumise log for order ID#238 2021-02-04 10:00:34 - cart_data session is empty or no items-------------------
Date: March 15, 2021, 9:32 am
Lumise log for order ID#424 2021-03-15 09:32:22 - cart_data session is empty or no items